<?xml version="1.0" encoding="UTF-8"?>
<!-- Generated by org.testng.reporters.JUnitReportReporter -->
<testsuite skipped="0" hostname="VikasTripathi-108241.local" name="testcases.AppPermissionTest" tests="1" failures="0" timestamp="2019-10-23T14:44:19 IST" time="3.336" errors="0">
  <testcase name="fn_Permissiontest" time="3.336" classname="testcases.AppPermissionTest"/>
</testsuite> <!-- testcases.AppPermissionTest -->
