<?xml version="1.0" encoding="UTF-8"?>
<!-- Generated by org.testng.reporters.JUnitReportReporter -->
<testsuite skipped="0" hostname="VikasTripathi-108241.local" name="testcases.test" tests="1" failures="0" timestamp="22 Jul 2019 13:31:00 GMT" time="0.011" errors="0">
  <testcase name="m23" time="0.011" classname="testcases.test"/>
</testsuite> <!-- testcases.test -->
